<?xml version="1.0" encoding="UTF-8"?>
<testsuite name="com.himanshoe.feature.posts.domain.CreatePostUseCaseTest" tests="1" skipped="0" failures="0" errors="0" timestamp="2021-06-06T12:40:49" hostname="Himanshus-MacBook-Pro.local" time="1.104">
  <properties/>
  <testcase name="should create the post successfully" classname="com.himanshoe.feature.posts.domain.CreatePostUseCaseTest" time="1.104"/>
  <system-out><![CDATA[]]></system-out>
  <system-err><![CDATA[]]></system-err>
</testsuite>
